[2021-06-09 12:13:11] [info] Start Program:
Path:"C:\\Users\\stefa\\source\\repos\\Taskuri\\x64\\Debug\\Taskuri.exe"
Arguments:
Working directory: "C:\\Users\\stefa\\source\\repos\\Taskuri\\Taskuri\\"
Modules: Selected: C:\Users\stefa\source\repos\Taskuri\x64\Debug\Taskuri.exe Excluded: 
Sources: Selected: C:\Users\stefa\source\repos\Taskuri\Taskuri Excluded: 
Log Level: Normal
Cover Children: 0
Aggregate by file: 1
Continue after C++ exception: 0
Optimized build support: 0
Export: binary C:\Users\stefa\AppData\Local\Temp\aje1sg1b.d5i 
Input coverage: 
Unified diff: 
Excluded line regular expressions: 
Substitute pdb source paths: 

[2021-06-09 12:13:11] [info] Module: C:\Users\stefa\source\repos\Taskuri\x64\Debug\Taskuri.exe is selected because it matches selected pattern: C:\Users\stefa\source\repos\Taskuri\x64\Debug\Taskuri.exe
[2021-06-09 12:13:14] [info] ----------------------------------------------------
[2021-06-09 12:13:14] [info] Coverage binary generated in file: C:\Users\stefa\AppData\Local\Temp\aje1sg1b.d5i
[2021-06-09 12:13:14] [info] ----------------------------------------------------
