[2021-06-08 12:09:57] [info] Start Program:
Path:"C:\\Users\\stefa\\source\\repos\\Melodii\\x64\\Debug\\Melodii.exe"
Arguments:
Working directory: "C:\\Users\\stefa\\source\\repos\\Melodii\\Melodii\\"
Modules: Selected: C:\Users\stefa\source\repos\Melodii\x64\Debug\Melodii.exe Excluded: 
Sources: Selected: C:\Users\stefa\source\repos\Melodii\Melodii Excluded: 
Log Level: Normal
Cover Children: 0
Aggregate by file: 1
Continue after C++ exception: 0
Optimized build support: 0
Export: binary C:\Users\stefa\AppData\Local\Temp\vautpkka.gkf 
Input coverage: 
Unified diff: 
Excluded line regular expressions: 
Substitute pdb source paths: 

[2021-06-08 12:09:57] [info] Module: C:\Users\stefa\source\repos\Melodii\x64\Debug\Melodii.exe is selected because it matches selected pattern: C:\Users\stefa\source\repos\Melodii\x64\Debug\Melodii.exe
[2021-06-08 12:09:59] [info] ----------------------------------------------------
[2021-06-08 12:09:59] [info] Coverage binary generated in file: C:\Users\stefa\AppData\Local\Temp\vautpkka.gkf
[2021-06-08 12:09:59] [info] ----------------------------------------------------
