[2021-05-21 15:16:01] [info] Start Program:
Path:"C:\\Users\\stefa\\source\\repos\\Lab 10-11\\x64\\Debug\\Lab 10-11.exe"
Arguments:
Working directory: "C:\\Users\\stefa\\source\\repos\\Lab 10-11\\Lab 10-11\\"
Modules: Selected: C:\Users\stefa\source\repos\Lab 10-11\x64\Debug\Lab 10-11.exe Excluded: 
Sources: Selected: C:\Users\stefa\source\repos\Lab 10-11\Lab 10-11 Excluded: 
Log Level: Normal
Cover Children: 0
Aggregate by file: 1
Continue after C++ exception: 0
Optimized build support: 0
Export: binary C:\Users\stefa\AppData\Local\Temp\a1vr4131.bss 
Input coverage: 
Unified diff: 
Excluded line regular expressions: 
Substitute pdb source paths: 

[2021-05-21 15:16:01] [info] Module: C:\Users\stefa\source\repos\Lab 10-11\x64\Debug\Lab 10-11.exe is selected because it matches selected pattern: C:\Users\stefa\source\repos\Lab 10-11\x64\Debug\Lab 10-11.exe
[2021-05-21 15:16:33] [info] ----------------------------------------------------
[2021-05-21 15:16:33] [info] Coverage binary generated in file: C:\Users\stefa\AppData\Local\Temp\a1vr4131.bss
[2021-05-21 15:16:33] [info] ----------------------------------------------------
