[2021-06-09 19:06:29] [info] Start Program:
Path:"C:\\Users\\stefa\\source\\repos\\TicTacToe\\x64\\Debug\\TicTacToe.exe"
Arguments:
Working directory: "C:\\Users\\stefa\\source\\repos\\TicTacToe\\TicTacToe\\"
Modules: Selected: C:\Users\stefa\source\repos\TicTacToe\x64\Debug\TicTacToe.exe Excluded: 
Sources: Selected: C:\Users\stefa\source\repos\TicTacToe\TicTacToe Excluded: 
Log Level: Normal
Cover Children: 0
Aggregate by file: 1
Continue after C++ exception: 0
Optimized build support: 0
Export: binary C:\Users\stefa\AppData\Local\Temp\jhf1uows.xsv 
Input coverage: 
Unified diff: 
Excluded line regular expressions: 
Substitute pdb source paths: 

[2021-06-09 19:06:29] [info] Module: C:\Users\stefa\source\repos\TicTacToe\x64\Debug\TicTacToe.exe is selected because it matches selected pattern: C:\Users\stefa\source\repos\TicTacToe\x64\Debug\TicTacToe.exe
[2021-06-09 19:06:31] [info] ----------------------------------------------------
[2021-06-09 19:06:31] [info] Coverage binary generated in file: C:\Users\stefa\AppData\Local\Temp\jhf1uows.xsv
[2021-06-09 19:06:31] [info] ----------------------------------------------------
